<?xml version="1.0" encoding="UTF-8"?>
<!-- Generated by org.testng.reporters.JUnitXMLReporter -->
<testsuite ignored="0" hostname="DESKTOP-4TRRHF0" failures="0" tests="3" name="Default test" time="0.248" errors="0" timestamp="2023-10-19T14:04:28 IST">
  <testcase classname="testNG.DataproviderPractice" name="bookticketTest" time="0.02"/>
  <testcase classname="testNG.DataproviderPractice" name="bookticketTest" time="0.008"/>
  <testcase classname="testNG.DataproviderPractice" name="bookticketTest" time="0.008"/>
</testsuite> <!-- Default test -->
