<?xml version="1.0" encoding="UTF-8"?>
<!-- Generated by org.testng.reporters.JUnitXMLReporter -->
<testsuite ignored="3" hostname="DESKTOP-4TRRHF0" failures="0" tests="3" name="Test(failed)(failed)" time="0.83" errors="0" timestamp="2023-10-18T13:50:16 IST">
  <testcase classname="batchexecution.Testclass2" name="demo1" time="0.065"/>
  <testcase classname="batchexecution.Testclass1" name="demo1" time="0.007"/>
  <testcase classname="batchexecution.Testclass3" name="demo1" time="0.091"/>
  <testcase classname="batchexecution.Testclass2" name="demo2" time="0.0">
    <ignored/>
  </testcase> <!-- demo2 -->
  <testcase classname="batchexecution.Testclass1" name="demo2" time="0.0">
    <ignored/>
  </testcase> <!-- demo2 -->
  <testcase classname="batchexecution.Testclass3" name="demo2" time="0.0">
    <ignored/>
  </testcase> <!-- demo2 -->
</testsuite> <!-- Test(failed)(failed) -->
