<?xml version="1.0" encoding="UTF-8"?>
<!-- Generated by org.testng.reporters.JUnitXMLReporter -->
<testsuite ignored="0" hostname="DESKTOP-4TRRHF0" failures="0" tests="4" name="Test" time="0.289" errors="0" timestamp="2023-10-18T14:32:17 IST">
  <testcase classname="listener.Testclass1" name="demo1" time="0.031"/>
  <testcase classname="listener.Testclass3$Testclass1" name="demo3" time="0.009"/>
  <testcase classname="listener.Testclass2$Testclass1" name="demo" time="0.005"/>
  <testcase classname="listener.Testclass4$Testclass1" name="demo4" time="0.006"/>
</testsuite> <!-- Test -->
