<?xml version="1.0" encoding="UTF-8"?>
<!-- Generated by org.testng.reporters.JUnitXMLReporter -->
<testsuite ignored="0" hostname="DESKTOP-4TRRHF0" failures="0" tests="4" name="Test Runner 2" time="0.28" errors="0" timestamp="2023-10-14T14:46:35 IST">
  <testcase classname="distributedparallel.Testclass3" name="demo1" time="0.026"/>
  <testcase classname="distributedparallel.Testclass3" name="demo2" time="0.009"/>
  <testcase classname="distributedparallel.Testclass4" name="demo1" time="0.007"/>
  <testcase classname="distributedparallel.Testclass4" name="demo2" time="0.008"/>
</testsuite> <!-- Test Runner 2 -->
