<?xml version="1.0" encoding="UTF-8"?>
<!-- Generated by org.testng.reporters.JUnitXMLReporter -->
<testsuite ignored="0" hostname="DESKTOP-4TRRHF0" failures="0" tests="4" name="Test Runner 1" time="0.385" errors="0" timestamp="2023-10-14T14:46:35 IST">
  <testcase classname="distributedparallel.Testclass1" name="demo1" time="0.029"/>
  <testcase classname="distributedparallel.Testclass1" name="demo2" time="0.012"/>
  <testcase classname="distributedparallel.Testclass2" name="demo1" time="0.015"/>
  <testcase classname="distributedparallel.Testclass2" name="demo2" time="0.015"/>
</testsuite> <!-- Test Runner 1 -->
