<?xml version="1.0" encoding="UTF-8"?>
<testng-results ignored="0" total="3" passed="3" failed="0" skipped="0">
  <reporter-output>
  </reporter-output>
  <suite started-at="2023-10-19T14:04:27 IST" name="Default suite" finished-at="2023-10-19T14:04:28 IST" duration-ms="248">
    <groups>
    </groups>
    <test started-at="2023-10-19T14:04:27 IST" name="Default test" finished-at="2023-10-19T14:04:28 IST" duration-ms="248">
      <class name="testNG.DataproviderPractice">
        <test-method signature="bookticketTest(java.lang.String,java.lang.String)[pri:0, instance:testNG.DataproviderPractice@5a45133e]" started-at="2023-10-19T14:04:28 IST" name="bookticketTest" data-provider="data" finished-at="2023-10-19T14:04:28 IST" duration-ms="20" status="PASS">
          <params>
            <param index="0">
              <value>
                <![CDATA[hyd]]>
              </value>
            </param>
            <param index="1">
              <value>
                <![CDATA[Goa]]>
              </value>
            </param>
          </params>
          <reporter-output>
          </reporter-output>
        </test-method> <!-- bookticketTest -->
        <test-method signature="bookticketTest(java.lang.String,java.lang.String)[pri:0, instance:testNG.DataproviderPractice@5a45133e]" started-at="2023-10-19T14:04:28 IST" name="bookticketTest" data-provider="data" finished-at="2023-10-19T14:04:28 IST" duration-ms="8" status="PASS">
          <params>
            <param index="0">
              <value>
                <![CDATA[hyd]]>
              </value>
            </param>
            <param index="1">
              <value>
                <![CDATA[vij]]>
              </value>
            </param>
          </params>
          <reporter-output>
          </reporter-output>
        </test-method> <!-- bookticketTest -->
        <test-method signature="bookticketTest(java.lang.String,java.lang.String)[pri:0, instance:testNG.DataproviderPractice@5a45133e]" started-at="2023-10-19T14:04:28 IST" name="bookticketTest" data-provider="data" finished-at="2023-10-19T14:04:28 IST" duration-ms="8" status="PASS">
          <params>
            <param index="0">
              <value>
                <![CDATA[khmm]]>
              </value>
            </param>
            <param index="1">
              <value>
                <![CDATA[warl]]>
              </value>
            </param>
          </params>
          <reporter-output>
          </reporter-output>
        </test-method> <!-- bookticketTest -->
      </class> <!-- testNG.DataproviderPractice -->
    </test> <!-- Default test -->
  </suite> <!-- Default suite -->
</testng-results>
